TN:
SF:/Users/kirillzabrodin/Projects/battleships/src/Board.js
FN:2,(anonymous_1)
FN:17,(anonymous_2)
FN:21,(anonymous_3)
FNF:3
FNH:3
FNDA:3,(anonymous_1)
FNDA:3,(anonymous_2)
FNDA:3,(anonymous_3)
DA:3,3
DA:4,3
DA:5,3
DA:18,3
DA:22,3
DA:24,2
DA:25,6
DA:27,2
DA:30,1
DA:31,5
DA:33,1
DA:36,0
LF:12
LH:11
BRDA:22,1,0,2
BRDA:22,1,1,1
BRDA:22,1,2,0
BRF:3
BRH:2
end_of_record
TN:
SF:/Users/kirillzabrodin/Projects/battleships/src/Player.js
FN:2,(anonymous_1)
FN:6,(anonymous_2)
FN:10,(anonymous_3)
FNF:3
FNH:3
FNDA:3,(anonymous_1)
FNDA:3,(anonymous_2)
FNDA:3,(anonymous_3)
DA:3,3
DA:7,3
DA:11,3
LF:3
LH:3
BRDA:3,1,0,3
BRDA:3,1,1,0
BRF:2
BRH:1
end_of_record
